59.0 APEX_CODE,FINEST;APEX_PROFILING,INFO;CALLOUT,INFO;DB,INFO;NBA,INFO;SYSTEM,DEBUG;VALIDATION,INFO;VISUALFORCE,INFO;WAVE,INFO;WORKFLOW,INFO
Execute Anonymous: Integer a = 10;
Execute Anonymous:         Integer b = 20;
Execute Anonymous:         Integer c = a + b;
Execute Anonymous:         System.debug(c);
23:04:17.26 (26636541)|USER_INFO|[EXTERNAL]|0057i00000B9ITY|test-gtrxdexof5ch@example.com|(GMT-08:00) Pacific Standard Time (America/Los_Angeles)|GMT-08:00
23:04:17.26 (26679390)|EXECUTION_STARTED
23:04:17.26 (26692252)|CODE_UNIT_STARTED|[EXTERNAL]|execute_anonymous_apex
23:04:17.26 (26858830)|VARIABLE_SCOPE_BEGIN|[1]|a|Integer|false|false
23:04:17.26 (26938198)|VARIABLE_SCOPE_BEGIN|[2]|b|Integer|false|false
23:04:17.26 (26952779)|VARIABLE_SCOPE_BEGIN|[3]|c|Integer|false|false
23:04:17.26 (27127151)|HEAP_ALLOCATE|[79]|Bytes:3
23:04:17.26 (27215750)|HEAP_ALLOCATE|[84]|Bytes:152
23:04:17.26 (27237793)|HEAP_ALLOCATE|[399]|Bytes:408
23:04:17.26 (27267792)|HEAP_ALLOCATE|[412]|Bytes:408
23:04:17.26 (27296276)|HEAP_ALLOCATE|[520]|Bytes:48
23:04:17.26 (27334617)|HEAP_ALLOCATE|[139]|Bytes:6
23:04:17.26 (27370739)|HEAP_ALLOCATE|[EXTERNAL]|Bytes:7
23:04:17.26 (27554599)|STATEMENT_EXECUTE|[1]
23:04:17.26 (27558439)|STATEMENT_EXECUTE|[1]
23:04:17.26 (27609259)|HEAP_ALLOCATE|[1]|Bytes:4
23:04:17.26 (27700107)|VARIABLE_ASSIGNMENT|[1]|a|10
23:04:17.26 (27709011)|STATEMENT_EXECUTE|[2]
23:04:17.26 (27713492)|HEAP_ALLOCATE|[2]|Bytes:4
23:04:17.26 (27728032)|VARIABLE_ASSIGNMENT|[2]|b|20
23:04:17.26 (27735178)|STATEMENT_EXECUTE|[3]
23:04:17.26 (27743939)|HEAP_ALLOCATE|[3]|Bytes:4
23:04:17.26 (27753710)|VARIABLE_ASSIGNMENT|[3]|c|30
23:04:17.26 (27760987)|STATEMENT_EXECUTE|[4]
23:04:17.26 (27803799)|HEAP_ALLOCATE|[52]|Bytes:5
23:04:17.26 (27842981)|HEAP_ALLOCATE|[58]|Bytes:5
23:04:17.26 (27856832)|HEAP_ALLOCATE|[66]|Bytes:7
23:04:17.26 (27948385)|USER_DEBUG|[4]|DEBUG|30
23:04:17.28 (28035791)|CUMULATIVE_LIMIT_USAGE
23:04:17.28 (28035791)|LIMIT_USAGE_FOR_NS|(default)|
  Number of SOQL queries: 0 out of 100
  Number of query rows: 0 out of 50000
  Number of SOSL queries: 0 out of 20
  Number of DML statements: 0 out of 150
  Number of Publish Immediate DML: 0 out of 150
  Number of DML rows: 0 out of 10000
  Maximum CPU time: 0 out of 10000
  Maximum heap size: 0 out of 6000000
  Number of callouts: 0 out of 100
  Number of Email Invocations: 0 out of 10
  Number of future calls: 0 out of 50
  Number of queueable jobs added to the queue: 0 out of 50
  Number of Mobile Apex push calls: 0 out of 10

23:04:17.28 (28035791)|CUMULATIVE_LIMIT_USAGE_END

23:04:17.26 (28141196)|CODE_UNIT_FINISHED|execute_anonymous_apex
23:04:17.26 (28152685)|EXECUTION_FINISHED
